[2022-10-28 11:50:31:307][restartedMain] INFO  c.sweep.formduo.FormduoApplication - Starting FormduoApplication using Java 1.8.0_345 on bang-geunhoui-MacBookAir.local with PID 41040 (/Users/bang-geunho/IdeaProjects/jekin/backend/target/classes started by bang-geunho in /Users/bang-geunho/IdeaProjects/jekin/backend)
[2022-10-28 11:50:31:312][restartedMain] INFO  c.sweep.formduo.FormduoApplication - No active profile set, falling back to 1 default profile: "default"
[2022-10-28 11:50:31:341][restartedMain] INFO  o.s.b.d.e.DevToolsPropertyDefaultsPostProcessor - Devtools property defaults active! Set 'spring.devtools.add-properties' to 'false' to disable
[2022-10-28 11:50:31:341][restartedMain] INFO  o.s.b.d.e.DevToolsPropertyDefaultsPostProcessor - For additional web related logging consider setting the 'logging.level.web' property to 'DEBUG'
[2022-10-28 11:50:32:657][restartedMain] INFO  o.s.d.r.c.RepositoryConfigurationDelegate - Multiple Spring Data modules found, entering strict repository configuration mode
[2022-10-28 11:50:32:657][restartedMain] INFO  o.s.d.r.c.RepositoryConfigurationDelegate - Bootstrapping Spring Data Redis repositories in DEFAULT mode.
[2022-10-28 11:50:32:666][restartedMain] INFO  o.s.d.r.c.RepositoryConfigurationDelegate - Finished Spring Data repository scanning in 2 ms. Found 0 Redis repository interfaces.
[2022-10-28 11:50:32:792][restartedMain] INFO  o.s.d.r.c.RepositoryConfigurationDelegate - Multiple Spring Data modules found, entering strict repository configuration mode
[2022-10-28 11:50:32:793][restartedMain] INFO  o.s.d.r.c.RepositoryConfigurationDelegate - Bootstrapping Spring Data JPA repositories in DEFAULT mode.
[2022-10-28 11:50:32:828][restartedMain] INFO  o.s.d.r.c.RepositoryConfigurationDelegate - Finished Spring Data repository scanning in 33 ms. Found 8 JPA repository interfaces.
[2022-10-28 11:50:32:833][restartedMain] INFO  o.s.d.r.c.RepositoryConfigurationDelegate - Multiple Spring Data modules found, entering strict repository configuration mode
[2022-10-28 11:50:32:833][restartedMain] INFO  o.s.d.r.c.RepositoryConfigurationDelegate - Bootstrapping Spring Data Redis repositories in DEFAULT mode.
[2022-10-28 11:50:32:837][restartedMain] INFO  o.s.d.r.c.RepositoryConfigurationExtensionSupport - Spring Data Redis - Could not safely identify store assignment for repository candidate interface com.sweep.formduo.domain.auth.AuthorityRepository; If you want this repository to be a Redis repository, consider annotating your entities with one of these annotations: org.springframework.data.redis.core.RedisHash (preferred), or consider extending one of the following types with your repository: org.springframework.data.keyvalue.repository.KeyValueRepository
[2022-10-28 11:50:32:838][restartedMain] INFO  o.s.d.r.c.RepositoryConfigurationExtensionSupport - Spring Data Redis - Could not safely identify store assignment for repository candidate interface com.sweep.formduo.domain.members.MemberRepository; If you want this repository to be a Redis repository, consider annotating your entities with one of these annotations: org.springframework.data.redis.core.RedisHash (preferred), or consider extending one of the following types with your repository: org.springframework.data.keyvalue.repository.KeyValueRepository
[2022-10-28 11:50:32:838][restartedMain] INFO  o.s.d.r.c.RepositoryConfigurationExtensionSupport - Spring Data Redis - Could not safely identify store assignment for repository candidate interface com.sweep.formduo.domain.posts.PostsRepository; If you want this repository to be a Redis repository, consider annotating your entities with one of these annotations: org.springframework.data.redis.core.RedisHash (preferred), or consider extending one of the following types with your repository: org.springframework.data.keyvalue.repository.KeyValueRepository
[2022-10-28 11:50:32:839][restartedMain] INFO  o.s.d.r.c.RepositoryConfigurationExtensionSupport - Spring Data Redis - Could not safely identify store assignment for repository candidate interface com.sweep.formduo.domain.qbox.QboxRepository; If you want this repository to be a Redis repository, consider annotating your entities with one of these annotations: org.springframework.data.redis.core.RedisHash (preferred), or consider extending one of the following types with your repository: org.springframework.data.keyvalue.repository.KeyValueRepository
[2022-10-28 11:50:32:841][restartedMain] INFO  o.s.d.r.c.RepositoryConfigurationExtensionSupport - Spring Data Redis - Could not safely identify store assignment for repository candidate interface com.sweep.formduo.domain.survey_resps.SurveyRespsRepository; If you want this repository to be a Redis repository, consider annotating your entities with one of these annotations: org.springframework.data.redis.core.RedisHash (preferred), or consider extending one of the following types with your repository: org.springframework.data.keyvalue.repository.KeyValueRepository
[2022-10-28 11:50:32:842][restartedMain] INFO  o.s.d.r.c.RepositoryConfigurationExtensionSupport - Spring Data Redis - Could not safely identify store assignment for repository candidate interface com.sweep.formduo.domain.surveys.SurveysRepository; If you want this repository to be a Redis repository, consider annotating your entities with one of these annotations: org.springframework.data.redis.core.RedisHash (preferred), or consider extending one of the following types with your repository: org.springframework.data.keyvalue.repository.KeyValueRepository
[2022-10-28 11:50:32:842][restartedMain] INFO  o.s.d.r.c.RepositoryConfigurationExtensionSupport - Spring Data Redis - Could not safely identify store assignment for repository candidate interface com.sweep.formduo.domain.token.RefreshTokenRepository; If you want this repository to be a Redis repository, consider annotating your entities with one of these annotations: org.springframework.data.redis.core.RedisHash (preferred), or consider extending one of the following types with your repository: org.springframework.data.keyvalue.repository.KeyValueRepository
[2022-10-28 11:50:32:842][restartedMain] INFO  o.s.d.r.c.RepositoryConfigurationExtensionSupport - Spring Data Redis - Could not safely identify store assignment for repository candidate interface com.sweep.formduo.domain.users.UsersRepository; If you want this repository to be a Redis repository, consider annotating your entities with one of these annotations: org.springframework.data.redis.core.RedisHash (preferred), or consider extending one of the following types with your repository: org.springframework.data.keyvalue.repository.KeyValueRepository
[2022-10-28 11:50:32:842][restartedMain] INFO  o.s.d.r.c.RepositoryConfigurationDelegate - Finished Spring Data repository scanning in 9 ms. Found 0 Redis repository interfaces.
[2022-10-28 11:50:32:1016][restartedMain] INFO  o.s.c.s.PostProcessorRegistrationDelegate$BeanPostProcessorChecker - Bean 'io.sentry.spring.tracing.SentryAdviceConfiguration' of type [io.sentry.spring.tracing.SentryAdviceConfiguration] is not eligible for getting processed by all BeanPostProcessors (for example: not eligible for auto-proxying)
[2022-10-28 11:50:32:1020][restartedMain] INFO  o.s.c.s.PostProcessorRegistrationDelegate$BeanPostProcessorChecker - Bean 'io.sentry.spring.tracing.SentrySpanPointcutConfiguration' of type [io.sentry.spring.tracing.SentrySpanPointcutConfiguration] is not eligible for getting processed by all BeanPostProcessors (for example: not eligible for auto-proxying)
[2022-10-28 11:50:32:1021][restartedMain] INFO  o.s.c.s.PostProcessorRegistrationDelegate$BeanPostProcessorChecker - Bean 'sentrySpanPointcut' of type [org.springframework.aop.support.ComposablePointcut] is not eligible for getting processed by all BeanPostProcessors (for example: not eligible for auto-proxying)
[2022-10-28 11:50:32:1022][restartedMain] INFO  o.s.c.s.PostProcessorRegistrationDelegate$BeanPostProcessorChecker - Bean 'io.sentry.spring.boot.SentryAutoConfiguration$HubConfiguration' of type [io.sentry.spring.boot.SentryAutoConfiguration$HubConfiguration] is not eligible for getting processed by all BeanPostProcessors (for example: not eligible for auto-proxying)
[2022-10-28 11:50:32:1024][restartedMain] INFO  o.s.c.s.PostProcessorRegistrationDelegate$BeanPostProcessorChecker - Bean 'io.sentry.spring.boot.SentryAutoConfiguration$HubConfiguration$ContextTagsEventProcessorConfiguration' of type [io.sentry.spring.boot.SentryAutoConfiguration$HubConfiguration$ContextTagsEventProcessorConfiguration] is not eligible for getting processed by all BeanPostProcessors (for example: not eligible for auto-proxying)
[2022-10-28 11:50:32:1050][restartedMain] INFO  o.s.c.s.PostProcessorRegistrationDelegate$BeanPostProcessorChecker - Bean 'sentry-io.sentry.spring.boot.SentryProperties' of type [io.sentry.spring.boot.SentryProperties] is not eligible for getting processed by all BeanPostProcessors (for example: not eligible for auto-proxying)
[2022-10-28 11:50:32:1051][restartedMain] INFO  o.s.c.s.PostProcessorRegistrationDelegate$BeanPostProcessorChecker - Bean 'contextTagsEventProcessor' of type [io.sentry.spring.ContextTagsEventProcessor] is not eligible for getting processed by all BeanPostProcessors (for example: not eligible for auto-proxying)
[2022-10-28 11:50:32:1053][restartedMain] INFO  o.s.c.s.PostProcessorRegistrationDelegate$BeanPostProcessorChecker - Bean 'inAppPackagesResolver' of type [io.sentry.spring.boot.InAppIncludesResolver] is not eligible for getting processed by all BeanPostProcessors (for example: not eligible for auto-proxying)
[2022-10-28 11:50:32:1054][restartedMain] INFO  o.s.c.s.PostProcessorRegistrationDelegate$BeanPostProcessorChecker - Bean 'sentryOptionsConfiguration' of type [io.sentry.spring.boot.SentryAutoConfiguration$HubConfiguration$$Lambda$470/2087373625] is not eligible for getting processed by all BeanPostProcessors (for example: not eligible for auto-proxying)
[2022-10-28 11:50:32:1059][restartedMain] INFO  o.s.c.s.PostProcessorRegistrationDelegate$BeanPostProcessorChecker - Bean 'formduoApplication' of type [com.sweep.formduo.FormduoApplication$$EnhancerBySpringCGLIB$$1167f1b8] is not eligible for getting processed by all BeanPostProcessors (for example: not eligible for auto-proxying)
[2022-10-28 11:50:32:1069][restartedMain] INFO  o.s.c.s.PostProcessorRegistrationDelegate$BeanPostProcessorChecker - Bean 'sentryHub' of type [io.sentry.HubAdapter] is not eligible for getting processed by all BeanPostProcessors (for example: not eligible for auto-proxying)
[2022-10-28 11:50:32:1070][restartedMain] INFO  o.s.c.s.PostProcessorRegistrationDelegate$BeanPostProcessorChecker - Bean 'sentrySpanAdvice' of type [io.sentry.spring.tracing.SentrySpanAdvice] is not eligible for getting processed by all BeanPostProcessors (for example: not eligible for auto-proxying)
[2022-10-28 11:50:32:1071][restartedMain] INFO  o.s.c.s.PostProcessorRegistrationDelegate$BeanPostProcessorChecker - Bean 'sentrySpanAdvisor' of type [org.springframework.aop.support.DefaultPointcutAdvisor] is not eligible for getting processed by all BeanPostProcessors (for example: not eligible for auto-proxying)
[2022-10-28 11:50:32:1071][restartedMain] INFO  o.s.c.s.PostProcessorRegistrationDelegate$BeanPostProcessorChecker - Bean 'io.sentry.spring.tracing.SentryTransactionPointcutConfiguration' of type [io.sentry.spring.tracing.SentryTransactionPointcutConfiguration] is not eligible for getting processed by all BeanPostProcessors (for example: not eligible for auto-proxying)
[2022-10-28 11:50:32:1072][restartedMain] INFO  o.s.c.s.PostProcessorRegistrationDelegate$BeanPostProcessorChecker - Bean 'sentryTransactionPointcut' of type [org.springframework.aop.support.ComposablePointcut] is not eligible for getting processed by all BeanPostProcessors (for example: not eligible for auto-proxying)
[2022-10-28 11:50:32:1073][restartedMain] INFO  o.s.c.s.PostProcessorRegistrationDelegate$BeanPostProcessorChecker - Bean 'sentryTransactionAdvice' of type [io.sentry.spring.tracing.SentryTransactionAdvice] is not eligible for getting processed by all BeanPostProcessors (for example: not eligible for auto-proxying)
[2022-10-28 11:50:32:1073][restartedMain] INFO  o.s.c.s.PostProcessorRegistrationDelegate$BeanPostProcessorChecker - Bean 'sentryTransactionAdvisor' of type [org.springframework.aop.support.DefaultPointcutAdvisor] is not eligible for getting processed by all BeanPostProcessors (for example: not eligible for auto-proxying)
[2022-10-28 11:50:32:1309][restartedMain] INFO  o.s.b.w.e.tomcat.TomcatWebServer - Tomcat initialized with port(s): 8080 (https)
[2022-10-28 11:50:32:1314][restartedMain] INFO  o.a.coyote.http11.Http11NioProtocol - Initializing ProtocolHandler ["https-jsse-nio-8080"]
[2022-10-28 11:50:32:1314][restartedMain] INFO  o.a.catalina.core.StandardService - Starting service [Tomcat]
[2022-10-28 11:50:32:1315][restartedMain] INFO  o.a.catalina.core.StandardEngine - Starting Servlet engine: [Apache Tomcat/9.0.65]
[2022-10-28 11:50:32:1346][restartedMain] INFO  o.a.c.c.C.[Tomcat].[localhost].[/] - Initializing Spring embedded WebApplicationContext
[2022-10-28 11:50:32:1347][restartedMain] INFO  o.s.b.w.s.c.ServletWebServerApplicationContext - Root WebApplicationContext: initialization completed in 1005 ms
[2022-10-28 11:50:32:1370][restartedMain] INFO  com.zaxxer.hikari.HikariDataSource - HikariPool-1 - Starting...
[2022-10-28 11:50:33:1727][restartedMain] INFO  com.zaxxer.hikari.HikariDataSource - HikariPool-1 - Start completed.
[2022-10-28 11:50:33:1739][restartedMain] INFO  o.s.b.a.h.H2ConsoleAutoConfiguration - H2 console available at '/h2-console'. Database available at 'jdbc:mysql://210.109.60.247:10006/sweep?zeroDateTimeBehavior=convertToNull&useUnicode=yes&characterEncoding=UTF-8&connectTimeout=2000&autoReconnect=true&serverTimezone=Asia/Seoul&useSSL=false'
[2022-10-28 11:50:33:1846][restartedMain] INFO  o.h.jpa.internal.util.LogHelper - HHH000204: Processing PersistenceUnitInfo [name: default]
[2022-10-28 11:50:33:1866][restartedMain] INFO  org.hibernate.Version - HHH000412: Hibernate ORM core version 5.6.11.Final
[2022-10-28 11:50:33:1921][restartedMain] INFO  o.h.annotations.common.Version - HCANN000001: Hibernate Commons Annotations {5.1.2.Final}
[2022-10-28 11:50:33:1964][restartedMain] INFO  org.hibernate.dialect.Dialect - HHH000400: Using dialect: org.hibernate.dialect.MySQL5InnoDBDialect
[2022-10-28 11:50:33:2550][restartedMain] INFO  o.h.e.t.j.p.i.JtaPlatformInitiator - HHH000490: Using JtaPlatform implementation: [org.hibernate.engine.transaction.jta.platform.internal.NoJtaPlatform]
[2022-10-28 11:50:33:2557][restartedMain] INFO  o.s.o.j.LocalContainerEntityManagerFactoryBean - Initialized JPA EntityManagerFactory for persistence unit 'default'
[2022-10-28 11:50:34:3307][restartedMain] INFO  o.s.b.a.w.s.WelcomePageHandlerMapping - Adding welcome page: class path resource [static/index.html]
[2022-10-28 11:50:34:3582][restartedMain] INFO  o.s.s.w.DefaultSecurityFilterChain - Will secure any request with [org.springframework.security.web.session.DisableEncodeUrlFilter@7bfe5374, org.springframework.security.web.context.request.async.WebAsyncManagerIntegrationFilter@756af05, org.springframework.security.web.context.SecurityContextPersistenceFilter@2dac4eda, org.springframework.web.filter.CorsFilter@62fcd579, com.sweep.formduo.jwt.JwtFilter@6c4ff9f8, org.springframework.security.web.savedrequest.RequestCacheAwareFilter@457ceb0d, org.springframework.security.web.servletapi.SecurityContextHolderAwareRequestFilter@61a11839, org.springframework.security.web.authentication.AnonymousAuthenticationFilter@65a362f6, org.springframework.security.web.session.SessionManagementFilter@5bc4be96, org.springframework.security.web.access.ExceptionTranslationFilter@e0b34c9, org.springframework.security.web.access.intercept.FilterSecurityInterceptor@70ff7df]
[2022-10-28 11:50:34:3588][restartedMain] INFO  o.s.s.w.DefaultSecurityFilterChain - Will not secure Ant [pattern='/api/v1/resp']
[2022-10-28 11:50:34:3588][restartedMain] INFO  o.s.s.w.DefaultSecurityFilterChain - Will not secure Ant [pattern='/api/v1/auth/**']
[2022-10-28 11:50:34:3588][restartedMain] INFO  o.s.s.w.DefaultSecurityFilterChain - Will not secure Ant [pattern='/swagger-ui/**']
[2022-10-28 11:50:34:3588][restartedMain] INFO  o.s.s.w.DefaultSecurityFilterChain - Will not secure Ant [pattern='/api-docs/**']
[2022-10-28 11:50:35:3767][restartedMain] INFO  o.s.b.d.a.OptionalLiveReloadServer - LiveReload server is running on port 35729
[2022-10-28 11:50:35:3783][restartedMain] INFO  o.a.coyote.http11.Http11NioProtocol - Starting ProtocolHandler ["https-jsse-nio-8080"]
[2022-10-28 11:50:35:3973][restartedMain] INFO  o.s.b.w.e.tomcat.TomcatWebServer - Tomcat started on port(s): 8080 (https) with context path ''
[2022-10-28 11:50:35:3980][restartedMain] INFO  c.sweep.formduo.FormduoApplication - Started FormduoApplication in 3.885 seconds (JVM running for 4.164)
[2022-10-28 11:52:14:103086][SpringApplicationShutdownHook] INFO  o.s.o.j.LocalContainerEntityManagerFactoryBean - Closing JPA EntityManagerFactory for persistence unit 'default'
[2022-10-28 11:52:14:103088][SpringApplicationShutdownHook] INFO  com.zaxxer.hikari.HikariDataSource - HikariPool-1 - Shutdown initiated...
[2022-10-28 11:52:14:103092][SpringApplicationShutdownHook] INFO  com.zaxxer.hikari.HikariDataSource - HikariPool-1 - Shutdown completed.
[2022-10-28 11:52:16:778][restartedMain] INFO  c.sweep.formduo.FormduoApplication - Starting FormduoApplication using Java 1.8.0_345 on bang-geunhoui-MacBookAir.local with PID 42667 (/Users/bang-geunho/IdeaProjects/jekin/backend/target/classes started by bang-geunho in /Users/bang-geunho/IdeaProjects/jekin/backend)
[2022-10-28 11:52:16:780][restartedMain] INFO  c.sweep.formduo.FormduoApplication - No active profile set, falling back to 1 default profile: "default"
[2022-10-28 11:52:16:851][restartedMain] INFO  o.s.b.d.e.DevToolsPropertyDefaultsPostProcessor - Devtools property defaults active! Set 'spring.devtools.add-properties' to 'false' to disable
[2022-10-28 11:52:16:851][restartedMain] INFO  o.s.b.d.e.DevToolsPropertyDefaultsPostProcessor - For additional web related logging consider setting the 'logging.level.web' property to 'DEBUG'
[2022-10-28 11:52:17:1427][restartedMain] INFO  o.s.d.r.c.RepositoryConfigurationDelegate - Multiple Spring Data modules found, entering strict repository configuration mode
[2022-10-28 11:52:17:1428][restartedMain] INFO  o.s.d.r.c.RepositoryConfigurationDelegate - Bootstrapping Spring Data Redis repositories in DEFAULT mode.
[2022-10-28 11:52:17:1438][restartedMain] INFO  o.s.d.r.c.RepositoryConfigurationDelegate - Finished Spring Data repository scanning in 2 ms. Found 0 Redis repository interfaces.
[2022-10-28 11:52:17:1583][restartedMain] INFO  o.s.d.r.c.RepositoryConfigurationDelegate - Multiple Spring Data modules found, entering strict repository configuration mode
[2022-10-28 11:52:17:1583][restartedMain] INFO  o.s.d.r.c.RepositoryConfigurationDelegate - Bootstrapping Spring Data JPA repositories in DEFAULT mode.
[2022-10-28 11:52:17:1622][restartedMain] INFO  o.s.d.r.c.RepositoryConfigurationDelegate - Finished Spring Data repository scanning in 36 ms. Found 8 JPA repository interfaces.
[2022-10-28 11:52:17:1626][restartedMain] INFO  o.s.d.r.c.RepositoryConfigurationDelegate - Multiple Spring Data modules found, entering strict repository configuration mode
[2022-10-28 11:52:17:1626][restartedMain] INFO  o.s.d.r.c.RepositoryConfigurationDelegate - Bootstrapping Spring Data Redis repositories in DEFAULT mode.
[2022-10-28 11:52:17:1630][restartedMain] INFO  o.s.d.r.c.RepositoryConfigurationExtensionSupport - Spring Data Redis - Could not safely identify store assignment for repository candidate interface com.sweep.formduo.domain.auth.AuthorityRepository; If you want this repository to be a Redis repository, consider annotating your entities with one of these annotations: org.springframework.data.redis.core.RedisHash (preferred), or consider extending one of the following types with your repository: org.springframework.data.keyvalue.repository.KeyValueRepository
[2022-10-28 11:52:17:1631][restartedMain] INFO  o.s.d.r.c.RepositoryConfigurationExtensionSupport - Spring Data Redis - Could not safely identify store assignment for repository candidate interface com.sweep.formduo.domain.members.MemberRepository; If you want this repository to be a Redis repository, consider annotating your entities with one of these annotations: org.springframework.data.redis.core.RedisHash (preferred), or consider extending one of the following types with your repository: org.springframework.data.keyvalue.repository.KeyValueRepository
[2022-10-28 11:52:17:1632][restartedMain] INFO  o.s.d.r.c.RepositoryConfigurationExtensionSupport - Spring Data Redis - Could not safely identify store assignment for repository candidate interface com.sweep.formduo.domain.posts.PostsRepository; If you want this repository to be a Redis repository, consider annotating your entities with one of these annotations: org.springframework.data.redis.core.RedisHash (preferred), or consider extending one of the following types with your repository: org.springframework.data.keyvalue.repository.KeyValueRepository
[2022-10-28 11:52:17:1632][restartedMain] INFO  o.s.d.r.c.RepositoryConfigurationExtensionSupport - Spring Data Redis - Could not safely identify store assignment for repository candidate interface com.sweep.formduo.domain.qbox.QboxRepository; If you want this repository to be a Redis repository, consider annotating your entities with one of these annotations: org.springframework.data.redis.core.RedisHash (preferred), or consider extending one of the following types with your repository: org.springframework.data.keyvalue.repository.KeyValueRepository
[2022-10-28 11:52:17:1634][restartedMain] INFO  o.s.d.r.c.RepositoryConfigurationExtensionSupport - Spring Data Redis - Could not safely identify store assignment for repository candidate interface com.sweep.formduo.domain.survey_resps.SurveyRespsRepository; If you want this repository to be a Redis repository, consider annotating your entities with one of these annotations: org.springframework.data.redis.core.RedisHash (preferred), or consider extending one of the following types with your repository: org.springframework.data.keyvalue.repository.KeyValueRepository
[2022-10-28 11:52:17:1635][restartedMain] INFO  o.s.d.r.c.RepositoryConfigurationExtensionSupport - Spring Data Redis - Could not safely identify store assignment for repository candidate interface com.sweep.formduo.domain.surveys.SurveysRepository; If you want this repository to be a Redis repository, consider annotating your entities with one of these annotations: org.springframework.data.redis.core.RedisHash (preferred), or consider extending one of the following types with your repository: org.springframework.data.keyvalue.repository.KeyValueRepository
[2022-10-28 11:52:17:1635][restartedMain] INFO  o.s.d.r.c.RepositoryConfigurationExtensionSupport - Spring Data Redis - Could not safely identify store assignment for repository candidate interface com.sweep.formduo.domain.token.RefreshTokenRepository; If you want this repository to be a Redis repository, consider annotating your entities with one of these annotations: org.springframework.data.redis.core.RedisHash (preferred), or consider extending one of the following types with your repository: org.springframework.data.keyvalue.repository.KeyValueRepository
[2022-10-28 11:52:17:1635][restartedMain] INFO  o.s.d.r.c.RepositoryConfigurationExtensionSupport - Spring Data Redis - Could not safely identify store assignment for repository candidate interface com.sweep.formduo.domain.users.UsersRepository; If you want this repository to be a Redis repository, consider annotating your entities with one of these annotations: org.springframework.data.redis.core.RedisHash (preferred), or consider extending one of the following types with your repository: org.springframework.data.keyvalue.repository.KeyValueRepository
[2022-10-28 11:52:17:1635][restartedMain] INFO  o.s.d.r.c.RepositoryConfigurationDelegate - Finished Spring Data repository scanning in 8 ms. Found 0 Redis repository interfaces.
[2022-10-28 11:52:17:1809][restartedMain] INFO  o.s.c.s.PostProcessorRegistrationDelegate$BeanPostProcessorChecker - Bean 'io.sentry.spring.tracing.SentryAdviceConfiguration' of type [io.sentry.spring.tracing.SentryAdviceConfiguration] is not eligible for getting processed by all BeanPostProcessors (for example: not eligible for auto-proxying)
[2022-10-28 11:52:17:1813][restartedMain] INFO  o.s.c.s.PostProcessorRegistrationDelegate$BeanPostProcessorChecker - Bean 'io.sentry.spring.tracing.SentrySpanPointcutConfiguration' of type [io.sentry.spring.tracing.SentrySpanPointcutConfiguration] is not eligible for getting processed by all BeanPostProcessors (for example: not eligible for auto-proxying)
[2022-10-28 11:52:17:1815][restartedMain] INFO  o.s.c.s.PostProcessorRegistrationDelegate$BeanPostProcessorChecker - Bean 'sentrySpanPointcut' of type [org.springframework.aop.support.ComposablePointcut] is not eligible for getting processed by all BeanPostProcessors (for example: not eligible for auto-proxying)
[2022-10-28 11:52:17:1816][restartedMain] INFO  o.s.c.s.PostProcessorRegistrationDelegate$BeanPostProcessorChecker - Bean 'io.sentry.spring.boot.SentryAutoConfiguration$HubConfiguration' of type [io.sentry.spring.boot.SentryAutoConfiguration$HubConfiguration] is not eligible for getting processed by all BeanPostProcessors (for example: not eligible for auto-proxying)
[2022-10-28 11:52:17:1818][restartedMain] INFO  o.s.c.s.PostProcessorRegistrationDelegate$BeanPostProcessorChecker - Bean 'io.sentry.spring.boot.SentryAutoConfiguration$HubConfiguration$ContextTagsEventProcessorConfiguration' of type [io.sentry.spring.boot.SentryAutoConfiguration$HubConfiguration$ContextTagsEventProcessorConfiguration] is not eligible for getting processed by all BeanPostProcessors (for example: not eligible for auto-proxying)
[2022-10-28 11:52:17:1846][restartedMain] INFO  o.s.c.s.PostProcessorRegistrationDelegate$BeanPostProcessorChecker - Bean 'sentry-io.sentry.spring.boot.SentryProperties' of type [io.sentry.spring.boot.SentryProperties] is not eligible for getting processed by all BeanPostProcessors (for example: not eligible for auto-proxying)
[2022-10-28 11:52:17:1849][restartedMain] INFO  o.s.c.s.PostProcessorRegistrationDelegate$BeanPostProcessorChecker - Bean 'contextTagsEventProcessor' of type [io.sentry.spring.ContextTagsEventProcessor] is not eligible for getting processed by all BeanPostProcessors (for example: not eligible for auto-proxying)
[2022-10-28 11:52:17:1851][restartedMain] INFO  o.s.c.s.PostProcessorRegistrationDelegate$BeanPostProcessorChecker - Bean 'inAppPackagesResolver' of type [io.sentry.spring.boot.InAppIncludesResolver] is not eligible for getting processed by all BeanPostProcessors (for example: not eligible for auto-proxying)
[2022-10-28 11:52:17:1853][restartedMain] INFO  o.s.c.s.PostProcessorRegistrationDelegate$BeanPostProcessorChecker - Bean 'sentryOptionsConfiguration' of type [io.sentry.spring.boot.SentryAutoConfiguration$HubConfiguration$$Lambda$475/1653025138] is not eligible for getting processed by all BeanPostProcessors (for example: not eligible for auto-proxying)
[2022-10-28 11:52:17:1858][restartedMain] INFO  o.s.c.s.PostProcessorRegistrationDelegate$BeanPostProcessorChecker - Bean 'formduoApplication' of type [com.sweep.formduo.FormduoApplication$$EnhancerBySpringCGLIB$$185a09b0] is not eligible for getting processed by all BeanPostProcessors (for example: not eligible for auto-proxying)
[2022-10-28 11:52:17:1869][restartedMain] INFO  o.s.c.s.PostProcessorRegistrationDelegate$BeanPostProcessorChecker - Bean 'sentryHub' of type [io.sentry.HubAdapter] is not eligible for getting processed by all BeanPostProcessors (for example: not eligible for auto-proxying)
[2022-10-28 11:52:17:1872][restartedMain] INFO  o.s.c.s.PostProcessorRegistrationDelegate$BeanPostProcessorChecker - Bean 'sentrySpanAdvice' of type [io.sentry.spring.tracing.SentrySpanAdvice] is not eligible for getting processed by all BeanPostProcessors (for example: not eligible for auto-proxying)
[2022-10-28 11:52:17:1873][restartedMain] INFO  o.s.c.s.PostProcessorRegistrationDelegate$BeanPostProcessorChecker - Bean 'sentrySpanAdvisor' of type [org.springframework.aop.support.DefaultPointcutAdvisor] is not eligible for getting processed by all BeanPostProcessors (for example: not eligible for auto-proxying)
[2022-10-28 11:52:17:1873][restartedMain] INFO  o.s.c.s.PostProcessorRegistrationDelegate$BeanPostProcessorChecker - Bean 'io.sentry.spring.tracing.SentryTransactionPointcutConfiguration' of type [io.sentry.spring.tracing.SentryTransactionPointcutConfiguration] is not eligible for getting processed by all BeanPostProcessors (for example: not eligible for auto-proxying)
[2022-10-28 11:52:17:1874][restartedMain] INFO  o.s.c.s.PostProcessorRegistrationDelegate$BeanPostProcessorChecker - Bean 'sentryTransactionPointcut' of type [org.springframework.aop.support.ComposablePointcut] is not eligible for getting processed by all BeanPostProcessors (for example: not eligible for auto-proxying)
[2022-10-28 11:52:17:1875][restartedMain] INFO  o.s.c.s.PostProcessorRegistrationDelegate$BeanPostProcessorChecker - Bean 'sentryTransactionAdvice' of type [io.sentry.spring.tracing.SentryTransactionAdvice] is not eligible for getting processed by all BeanPostProcessors (for example: not eligible for auto-proxying)
[2022-10-28 11:52:17:1875][restartedMain] INFO  o.s.c.s.PostProcessorRegistrationDelegate$BeanPostProcessorChecker - Bean 'sentryTransactionAdvisor' of type [org.springframework.aop.support.DefaultPointcutAdvisor] is not eligible for getting processed by all BeanPostProcessors (for example: not eligible for auto-proxying)
[2022-10-28 11:52:17:2136][restartedMain] INFO  o.s.b.w.e.tomcat.TomcatWebServer - Tomcat initialized with port(s): 8080 (https)
[2022-10-28 11:52:17:2141][restartedMain] INFO  o.a.coyote.http11.Http11NioProtocol - Initializing ProtocolHandler ["https-jsse-nio-8080"]
[2022-10-28 11:52:17:2142][restartedMain] INFO  o.a.catalina.core.StandardService - Starting service [Tomcat]
[2022-10-28 11:52:17:2142][restartedMain] INFO  o.a.catalina.core.StandardEngine - Starting Servlet engine: [Apache Tomcat/9.0.65]
[2022-10-28 11:52:17:2175][restartedMain] INFO  o.a.c.c.C.[Tomcat].[localhost].[/] - Initializing Spring embedded WebApplicationContext
[2022-10-28 11:52:17:2176][restartedMain] INFO  o.s.b.w.s.c.ServletWebServerApplicationContext - Root WebApplicationContext: initialization completed in 1325 ms
[2022-10-28 11:52:17:2198][restartedMain] INFO  com.zaxxer.hikari.HikariDataSource - HikariPool-1 - Starting...
[2022-10-28 11:52:18:2372][restartedMain] INFO  com.zaxxer.hikari.HikariDataSource - HikariPool-1 - Start completed.
[2022-10-28 11:52:18:2378][restartedMain] INFO  o.s.b.a.h.H2ConsoleAutoConfiguration - H2 console available at '/h2-console'. Database available at 'jdbc:mysql://210.109.60.247:10006/sweep?zeroDateTimeBehavior=convertToNull&useUnicode=yes&characterEncoding=UTF-8&connectTimeout=2000&autoReconnect=true&serverTimezone=Asia/Seoul&useSSL=false'
[2022-10-28 11:52:18:2461][restartedMain] INFO  o.h.jpa.internal.util.LogHelper - HHH000204: Processing PersistenceUnitInfo [name: default]
[2022-10-28 11:52:18:2481][restartedMain] INFO  org.hibernate.Version - HHH000412: Hibernate ORM core version 5.6.11.Final
[2022-10-28 11:52:18:2536][restartedMain] INFO  o.h.annotations.common.Version - HCANN000001: Hibernate Commons Annotations {5.1.2.Final}
[2022-10-28 11:52:18:2574][restartedMain] INFO  org.hibernate.dialect.Dialect - HHH000400: Using dialect: org.hibernate.dialect.MySQL5InnoDBDialect
[2022-10-28 11:52:19:3283][restartedMain] INFO  o.h.e.t.j.p.i.JtaPlatformInitiator - HHH000490: Using JtaPlatform implementation: [org.hibernate.engine.transaction.jta.platform.internal.NoJtaPlatform]
[2022-10-28 11:52:19:3290][restartedMain] INFO  o.s.o.j.LocalContainerEntityManagerFactoryBean - Initialized JPA EntityManagerFactory for persistence unit 'default'
[2022-10-28 11:52:19:4069][restartedMain] INFO  o.s.b.a.w.s.WelcomePageHandlerMapping - Adding welcome page: class path resource [static/index.html]
[2022-10-28 11:52:20:4366][restartedMain] INFO  o.s.s.w.DefaultSecurityFilterChain - Will secure any request with [org.springframework.security.web.session.DisableEncodeUrlFilter@31a6e8ff, org.springframework.security.web.context.request.async.WebAsyncManagerIntegrationFilter@741ca272, org.springframework.security.web.context.SecurityContextPersistenceFilter@63cc9135, org.springframework.web.filter.CorsFilter@737d8f56, com.sweep.formduo.jwt.JwtFilter@381429ac, org.springframework.security.web.savedrequest.RequestCacheAwareFilter@bbfc2b8, org.springframework.security.web.servletapi.SecurityContextHolderAwareRequestFilter@55122a6a, org.springframework.security.web.authentication.AnonymousAuthenticationFilter@3e73df41, org.springframework.security.web.session.SessionManagementFilter@705abf4, org.springframework.security.web.access.ExceptionTranslationFilter@b76d658, org.springframework.security.web.access.intercept.FilterSecurityInterceptor@ffeafdc]
[2022-10-28 11:52:20:4373][restartedMain] INFO  o.s.s.w.DefaultSecurityFilterChain - Will not secure Ant [pattern='/api/v1/resp']
[2022-10-28 11:52:20:4373][restartedMain] INFO  o.s.s.w.DefaultSecurityFilterChain - Will not secure Ant [pattern='/api/v1/auth/**']
[2022-10-28 11:52:20:4373][restartedMain] INFO  o.s.s.w.DefaultSecurityFilterChain - Will not secure Ant [pattern='/swagger-ui/**']
[2022-10-28 11:52:20:4374][restartedMain] INFO  o.s.s.w.DefaultSecurityFilterChain - Will not secure Ant [pattern='/api-docs/**']
[2022-10-28 11:52:20:4562][restartedMain] INFO  o.s.b.d.a.OptionalLiveReloadServer - LiveReload server is running on port 35729
[2022-10-28 11:52:20:4579][restartedMain] INFO  o.a.coyote.http11.Http11NioProtocol - Starting ProtocolHandler ["https-jsse-nio-8080"]
[2022-10-28 11:52:20:4771][restartedMain] INFO  o.s.b.w.e.tomcat.TomcatWebServer - Tomcat started on port(s): 8080 (https) with context path ''
[2022-10-28 11:52:20:4780][restartedMain] INFO  c.sweep.formduo.FormduoApplication - Started FormduoApplication in 4.68 seconds (JVM running for 4.971)
[2022-10-28 11:52:32:16411][SpringApplicationShutdownHook] INFO  o.s.o.j.LocalContainerEntityManagerFactoryBean - Closing JPA EntityManagerFactory for persistence unit 'default'
[2022-10-28 11:52:32:16414][SpringApplicationShutdownHook] INFO  com.zaxxer.hikari.HikariDataSource - HikariPool-1 - Shutdown initiated...
[2022-10-28 11:52:32:16417][SpringApplicationShutdownHook] INFO  com.zaxxer.hikari.HikariDataSource - HikariPool-1 - Shutdown completed.
[2022-10-28 11:52:33:333][restartedMain] INFO  c.sweep.formduo.FormduoApplication - Starting FormduoApplication using Java 1.8.0_345 on bang-geunhoui-MacBookAir.local with PID 42977 (/Users/bang-geunho/IdeaProjects/jekin/backend/target/classes started by bang-geunho in /Users/bang-geunho/IdeaProjects/jekin/backend)
[2022-10-28 11:52:33:334][restartedMain] INFO  c.sweep.formduo.FormduoApplication - No active profile set, falling back to 1 default profile: "default"
[2022-10-28 11:52:33:362][restartedMain] INFO  o.s.b.d.e.DevToolsPropertyDefaultsPostProcessor - Devtools property defaults active! Set 'spring.devtools.add-properties' to 'false' to disable
[2022-10-28 11:52:33:362][restartedMain] INFO  o.s.b.d.e.DevToolsPropertyDefaultsPostProcessor - For additional web related logging consider setting the 'logging.level.web' property to 'DEBUG'
[2022-10-28 11:52:34:663][restartedMain] INFO  o.s.d.r.c.RepositoryConfigurationDelegate - Multiple Spring Data modules found, entering strict repository configuration mode
[2022-10-28 11:52:34:663][restartedMain] INFO  o.s.d.r.c.RepositoryConfigurationDelegate - Bootstrapping Spring Data Redis repositories in DEFAULT mode.
[2022-10-28 11:52:34:672][restartedMain] INFO  o.s.d.r.c.RepositoryConfigurationDelegate - Finished Spring Data repository scanning in 1 ms. Found 0 Redis repository interfaces.
[2022-10-28 11:52:34:810][restartedMain] INFO  o.s.d.r.c.RepositoryConfigurationDelegate - Multiple Spring Data modules found, entering strict repository configuration mode
[2022-10-28 11:52:34:810][restartedMain] INFO  o.s.d.r.c.RepositoryConfigurationDelegate - Bootstrapping Spring Data JPA repositories in DEFAULT mode.
[2022-10-28 11:52:34:847][restartedMain] INFO  o.s.d.r.c.RepositoryConfigurationDelegate - Finished Spring Data repository scanning in 34 ms. Found 8 JPA repository interfaces.
[2022-10-28 11:52:34:851][restartedMain] INFO  o.s.d.r.c.RepositoryConfigurationDelegate - Multiple Spring Data modules found, entering strict repository configuration mode
[2022-10-28 11:52:34:851][restartedMain] INFO  o.s.d.r.c.RepositoryConfigurationDelegate - Bootstrapping Spring Data Redis repositories in DEFAULT mode.
[2022-10-28 11:52:34:855][restartedMain] INFO  o.s.d.r.c.RepositoryConfigurationExtensionSupport - Spring Data Redis - Could not safely identify store assignment for repository candidate interface com.sweep.formduo.domain.auth.AuthorityRepository; If you want this repository to be a Redis repository, consider annotating your entities with one of these annotations: org.springframework.data.redis.core.RedisHash (preferred), or consider extending one of the following types with your repository: org.springframework.data.keyvalue.repository.KeyValueRepository
[2022-10-28 11:52:34:856][restartedMain] INFO  o.s.d.r.c.RepositoryConfigurationExtensionSupport - Spring Data Redis - Could not safely identify store assignment for repository candidate interface com.sweep.formduo.domain.members.MemberRepository; If you want this repository to be a Redis repository, consider annotating your entities with one of these annotations: org.springframework.data.redis.core.RedisHash (preferred), or consider extending one of the following types with your repository: org.springframework.data.keyvalue.repository.KeyValueRepository
[2022-10-28 11:52:34:856][restartedMain] INFO  o.s.d.r.c.RepositoryConfigurationExtensionSupport - Spring Data Redis - Could not safely identify store assignment for repository candidate interface com.sweep.formduo.domain.posts.PostsRepository; If you want this repository to be a Redis repository, consider annotating your entities with one of these annotations: org.springframework.data.redis.core.RedisHash (preferred), or consider extending one of the following types with your repository: org.springframework.data.keyvalue.repository.KeyValueRepository
[2022-10-28 11:52:34:857][restartedMain] INFO  o.s.d.r.c.RepositoryConfigurationExtensionSupport - Spring Data Redis - Could not safely identify store assignment for repository candidate interface com.sweep.formduo.domain.qbox.QboxRepository; If you want this repository to be a Redis repository, consider annotating your entities with one of these annotations: org.springframework.data.redis.core.RedisHash (preferred), or consider extending one of the following types with your repository: org.springframework.data.keyvalue.repository.KeyValueRepository
[2022-10-28 11:52:34:859][restartedMain] INFO  o.s.d.r.c.RepositoryConfigurationExtensionSupport - Spring Data Redis - Could not safely identify store assignment for repository candidate interface com.sweep.formduo.domain.survey_resps.SurveyRespsRepository; If you want this repository to be a Redis repository, consider annotating your entities with one of these annotations: org.springframework.data.redis.core.RedisHash (preferred), or consider extending one of the following types with your repository: org.springframework.data.keyvalue.repository.KeyValueRepository
[2022-10-28 11:52:34:859][restartedMain] INFO  o.s.d.r.c.RepositoryConfigurationExtensionSupport - Spring Data Redis - Could not safely identify store assignment for repository candidate interface com.sweep.formduo.domain.surveys.SurveysRepository; If you want this repository to be a Redis repository, consider annotating your entities with one of these annotations: org.springframework.data.redis.core.RedisHash (preferred), or consider extending one of the following types with your repository: org.springframework.data.keyvalue.repository.KeyValueRepository
[2022-10-28 11:52:34:860][restartedMain] INFO  o.s.d.r.c.RepositoryConfigurationExtensionSupport - Spring Data Redis - Could not safely identify store assignment for repository candidate interface com.sweep.formduo.domain.token.RefreshTokenRepository; If you want this repository to be a Redis repository, consider annotating your entities with one of these annotations: org.springframework.data.redis.core.RedisHash (preferred), or consider extending one of the following types with your repository: org.springframework.data.keyvalue.repository.KeyValueRepository
[2022-10-28 11:52:34:860][restartedMain] INFO  o.s.d.r.c.RepositoryConfigurationExtensionSupport - Spring Data Redis - Could not safely identify store assignment for repository candidate interface com.sweep.formduo.domain.users.UsersRepository; If you want this repository to be a Redis repository, consider annotating your entities with one of these annotations: org.springframework.data.redis.core.RedisHash (preferred), or consider extending one of the following types with your repository: org.springframework.data.keyvalue.repository.KeyValueRepository
[2022-10-28 11:52:34:860][restartedMain] INFO  o.s.d.r.c.RepositoryConfigurationDelegate - Finished Spring Data repository scanning in 8 ms. Found 0 Redis repository interfaces.
[2022-10-28 11:52:34:1030][restartedMain] INFO  o.s.c.s.PostProcessorRegistrationDelegate$BeanPostProcessorChecker - Bean 'io.sentry.spring.tracing.SentryAdviceConfiguration' of type [io.sentry.spring.tracing.SentryAdviceConfiguration] is not eligible for getting processed by all BeanPostProcessors (for example: not eligible for auto-proxying)
[2022-10-28 11:52:34:1033][restartedMain] INFO  o.s.c.s.PostProcessorRegistrationDelegate$BeanPostProcessorChecker - Bean 'io.sentry.spring.tracing.SentrySpanPointcutConfiguration' of type [io.sentry.spring.tracing.SentrySpanPointcutConfiguration] is not eligible for getting processed by all BeanPostProcessors (for example: not eligible for auto-proxying)
[2022-10-28 11:52:34:1034][restartedMain] INFO  o.s.c.s.PostProcessorRegistrationDelegate$BeanPostProcessorChecker - Bean 'sentrySpanPointcut' of type [org.springframework.aop.support.ComposablePointcut] is not eligible for getting processed by all BeanPostProcessors (for example: not eligible for auto-proxying)
[2022-10-28 11:52:34:1035][restartedMain] INFO  o.s.c.s.PostProcessorRegistrationDelegate$BeanPostProcessorChecker - Bean 'io.sentry.spring.boot.SentryAutoConfiguration$HubConfiguration' of type [io.sentry.spring.boot.SentryAutoConfiguration$HubConfiguration] is not eligible for getting processed by all BeanPostProcessors (for example: not eligible for auto-proxying)
[2022-10-28 11:52:34:1037][restartedMain] INFO  o.s.c.s.PostProcessorRegistrationDelegate$BeanPostProcessorChecker - Bean 'io.sentry.spring.boot.SentryAutoConfiguration$HubConfiguration$ContextTagsEventProcessorConfiguration' of type [io.sentry.spring.boot.SentryAutoConfiguration$HubConfiguration$ContextTagsEventProcessorConfiguration] is not eligible for getting processed by all BeanPostProcessors (for example: not eligible for auto-proxying)
[2022-10-28 11:52:34:1063][restartedMain] INFO  o.s.c.s.PostProcessorRegistrationDelegate$BeanPostProcessorChecker - Bean 'sentry-io.sentry.spring.boot.SentryProperties' of type [io.sentry.spring.boot.SentryProperties] is not eligible for getting processed by all BeanPostProcessors (for example: not eligible for auto-proxying)
[2022-10-28 11:52:34:1065][restartedMain] INFO  o.s.c.s.PostProcessorRegistrationDelegate$BeanPostProcessorChecker - Bean 'contextTagsEventProcessor' of type [io.sentry.spring.ContextTagsEventProcessor] is not eligible for getting processed by all BeanPostProcessors (for example: not eligible for auto-proxying)
[2022-10-28 11:52:34:1066][restartedMain] INFO  o.s.c.s.PostProcessorRegistrationDelegate$BeanPostProcessorChecker - Bean 'inAppPackagesResolver' of type [io.sentry.spring.boot.InAppIncludesResolver] is not eligible for getting processed by all BeanPostProcessors (for example: not eligible for auto-proxying)
[2022-10-28 11:52:34:1067][restartedMain] INFO  o.s.c.s.PostProcessorRegistrationDelegate$BeanPostProcessorChecker - Bean 'sentryOptionsConfiguration' of type [io.sentry.spring.boot.SentryAutoConfiguration$HubConfiguration$$Lambda$475/385897656] is not eligible for getting processed by all BeanPostProcessors (for example: not eligible for auto-proxying)
[2022-10-28 11:52:34:1072][restartedMain] INFO  o.s.c.s.PostProcessorRegistrationDelegate$BeanPostProcessorChecker - Bean 'formduoApplication' of type [com.sweep.formduo.FormduoApplication$$EnhancerBySpringCGLIB$$f31d3305] is not eligible for getting processed by all BeanPostProcessors (for example: not eligible for auto-proxying)
[2022-10-28 11:52:34:1080][restartedMain] INFO  o.s.c.s.PostProcessorRegistrationDelegate$BeanPostProcessorChecker - Bean 'sentryHub' of type [io.sentry.HubAdapter] is not eligible for getting processed by all BeanPostProcessors (for example: not eligible for auto-proxying)
[2022-10-28 11:52:34:1082][restartedMain] INFO  o.s.c.s.PostProcessorRegistrationDelegate$BeanPostProcessorChecker - Bean 'sentrySpanAdvice' of type [io.sentry.spring.tracing.SentrySpanAdvice] is not eligible for getting processed by all BeanPostProcessors (for example: not eligible for auto-proxying)
[2022-10-28 11:52:34:1083][restartedMain] INFO  o.s.c.s.PostProcessorRegistrationDelegate$BeanPostProcessorChecker - Bean 'sentrySpanAdvisor' of type [org.springframework.aop.support.DefaultPointcutAdvisor] is not eligible for getting processed by all BeanPostProcessors (for example: not eligible for auto-proxying)
[2022-10-28 11:52:34:1083][restartedMain] INFO  o.s.c.s.PostProcessorRegistrationDelegate$BeanPostProcessorChecker - Bean 'io.sentry.spring.tracing.SentryTransactionPointcutConfiguration' of type [io.sentry.spring.tracing.SentryTransactionPointcutConfiguration] is not eligible for getting processed by all BeanPostProcessors (for example: not eligible for auto-proxying)
[2022-10-28 11:52:34:1083][restartedMain] INFO  o.s.c.s.PostProcessorRegistrationDelegate$BeanPostProcessorChecker - Bean 'sentryTransactionPointcut' of type [org.springframework.aop.support.ComposablePointcut] is not eligible for getting processed by all BeanPostProcessors (for example: not eligible for auto-proxying)
[2022-10-28 11:52:34:1084][restartedMain] INFO  o.s.c.s.PostProcessorRegistrationDelegate$BeanPostProcessorChecker - Bean 'sentryTransactionAdvice' of type [io.sentry.spring.tracing.SentryTransactionAdvice] is not eligible for getting processed by all BeanPostProcessors (for example: not eligible for auto-proxying)
[2022-10-28 11:52:34:1085][restartedMain] INFO  o.s.c.s.PostProcessorRegistrationDelegate$BeanPostProcessorChecker - Bean 'sentryTransactionAdvisor' of type [org.springframework.aop.support.DefaultPointcutAdvisor] is not eligible for getting processed by all BeanPostProcessors (for example: not eligible for auto-proxying)
[2022-10-28 11:52:34:1314][restartedMain] INFO  o.s.b.w.e.tomcat.TomcatWebServer - Tomcat initialized with port(s): 8080 (https)
[2022-10-28 11:52:34:1319][restartedMain] INFO  o.a.coyote.http11.Http11NioProtocol - Initializing ProtocolHandler ["https-jsse-nio-8080"]
[2022-10-28 11:52:34:1320][restartedMain] INFO  o.a.catalina.core.StandardService - Starting service [Tomcat]
[2022-10-28 11:52:34:1320][restartedMain] INFO  o.a.catalina.core.StandardEngine - Starting Servlet engine: [Apache Tomcat/9.0.65]
[2022-10-28 11:52:34:1353][restartedMain] INFO  o.a.c.c.C.[Tomcat].[localhost].[/] - Initializing Spring embedded WebApplicationContext
[2022-10-28 11:52:34:1354][restartedMain] INFO  o.s.b.w.s.c.ServletWebServerApplicationContext - Root WebApplicationContext: initialization completed in 990 ms
[2022-10-28 11:52:34:1376][restartedMain] INFO  com.zaxxer.hikari.HikariDataSource - HikariPool-1 - Starting...
[2022-10-28 11:52:35:1691][restartedMain] INFO  com.zaxxer.hikari.HikariDataSource - HikariPool-1 - Start completed.
[2022-10-28 11:52:35:1700][restartedMain] INFO  o.s.b.a.h.H2ConsoleAutoConfiguration - H2 console available at '/h2-console'. Database available at 'jdbc:mysql://210.109.60.247:10006/sweep?zeroDateTimeBehavior=convertToNull&useUnicode=yes&characterEncoding=UTF-8&connectTimeout=2000&autoReconnect=true&serverTimezone=Asia/Seoul&useSSL=false'
[2022-10-28 11:52:35:1792][restartedMain] INFO  o.h.jpa.internal.util.LogHelper - HHH000204: Processing PersistenceUnitInfo [name: default]
[2022-10-28 11:52:35:1810][restartedMain] INFO  org.hibernate.Version - HHH000412: Hibernate ORM core version 5.6.11.Final
[2022-10-28 11:52:35:1866][restartedMain] INFO  o.h.annotations.common.Version - HCANN000001: Hibernate Commons Annotations {5.1.2.Final}
[2022-10-28 11:52:35:1904][restartedMain] INFO  org.hibernate.dialect.Dialect - HHH000400: Using dialect: org.hibernate.dialect.MySQL5InnoDBDialect
[2022-10-28 11:52:36:2784][restartedMain] INFO  o.h.e.t.j.p.i.JtaPlatformInitiator - HHH000490: Using JtaPlatform implementation: [org.hibernate.engine.transaction.jta.platform.internal.NoJtaPlatform]
[2022-10-28 11:52:36:2799][restartedMain] INFO  o.s.o.j.LocalContainerEntityManagerFactoryBean - Initialized JPA EntityManagerFactory for persistence unit 'default'
[2022-10-28 11:52:36:3562][restartedMain] INFO  o.s.b.a.w.s.WelcomePageHandlerMapping - Adding welcome page: class path resource [static/index.html]
[2022-10-28 11:52:37:3843][restartedMain] INFO  o.s.s.w.DefaultSecurityFilterChain - Will secure any request with [org.springframework.security.web.session.DisableEncodeUrlFilter@62fcd579, org.springframework.security.web.context.request.async.WebAsyncManagerIntegrationFilter@6c4ff9f8, org.springframework.security.web.context.SecurityContextPersistenceFilter@9164347, org.springframework.web.filter.CorsFilter@65a362f6, com.sweep.formduo.jwt.JwtFilter@57bfd7c0, org.springframework.security.web.savedrequest.RequestCacheAwareFilter@2663f388, org.springframework.security.web.servletapi.SecurityContextHolderAwareRequestFilter@2a9e261, org.springframework.security.web.authentication.AnonymousAuthenticationFilter@536c8753, org.springframework.security.web.session.SessionManagementFilter@29168f65, org.springframework.security.web.access.ExceptionTranslationFilter@1f2add4f, org.springframework.security.web.access.intercept.FilterSecurityInterceptor@15baf9b5]
[2022-10-28 11:52:37:3845][restartedMain] INFO  o.s.s.w.DefaultSecurityFilterChain - Will not secure Ant [pattern='/api/v1/resp']
[2022-10-28 11:52:37:3845][restartedMain] INFO  o.s.s.w.DefaultSecurityFilterChain - Will not secure Ant [pattern='/api/v1/auth/**']
[2022-10-28 11:52:37:3845][restartedMain] INFO  o.s.s.w.DefaultSecurityFilterChain - Will not secure Ant [pattern='/swagger-ui/**']
[2022-10-28 11:52:37:3846][restartedMain] INFO  o.s.s.w.DefaultSecurityFilterChain - Will not secure Ant [pattern='/api-docs/**']
[2022-10-28 11:52:37:4035][restartedMain] INFO  o.s.b.d.a.OptionalLiveReloadServer - LiveReload server is running on port 35729
[2022-10-28 11:52:37:4051][restartedMain] INFO  o.a.coyote.http11.Http11NioProtocol - Starting ProtocolHandler ["https-jsse-nio-8080"]
[2022-10-28 11:52:37:4245][restartedMain] INFO  o.s.b.w.e.tomcat.TomcatWebServer - Tomcat started on port(s): 8080 (https) with context path ''
[2022-10-28 11:52:37:4253][restartedMain] INFO  c.sweep.formduo.FormduoApplication - Started FormduoApplication in 4.147 seconds (JVM running for 4.481)
[2022-10-28 11:53:29:55971][SpringApplicationShutdownHook] INFO  o.s.o.j.LocalContainerEntityManagerFactoryBean - Closing JPA EntityManagerFactory for persistence unit 'default'
[2022-10-28 11:53:29:55974][SpringApplicationShutdownHook] INFO  com.zaxxer.hikari.HikariDataSource - HikariPool-1 - Shutdown initiated...
[2022-10-28 11:53:29:55976][SpringApplicationShutdownHook] INFO  com.zaxxer.hikari.HikariDataSource - HikariPool-1 - Shutdown completed.
[2022-10-28 11:55:04:323][restartedMain] INFO  c.sweep.formduo.FormduoApplication - Starting FormduoApplication using Java 1.8.0_345 on bang-geunhoui-MacBookAir.local with PID 45358 (/Users/bang-geunho/IdeaProjects/jekin/backend/target/classes started by bang-geunho in /Users/bang-geunho/IdeaProjects/jekin/backend)
[2022-10-28 11:55:04:325][restartedMain] INFO  c.sweep.formduo.FormduoApplication - No active profile set, falling back to 1 default profile: "default"
[2022-10-28 11:55:04:357][restartedMain] INFO  o.s.b.d.e.DevToolsPropertyDefaultsPostProcessor - Devtools property defaults active! Set 'spring.devtools.add-properties' to 'false' to disable
[2022-10-28 11:55:04:357][restartedMain] INFO  o.s.b.d.e.DevToolsPropertyDefaultsPostProcessor - For additional web related logging consider setting the 'logging.level.web' property to 'DEBUG'
[2022-10-28 11:55:04:672][restartedMain] INFO  o.s.d.r.c.RepositoryConfigurationDelegate - Multiple Spring Data modules found, entering strict repository configuration mode
[2022-10-28 11:55:04:673][restartedMain] INFO  o.s.d.r.c.RepositoryConfigurationDelegate - Bootstrapping Spring Data Redis repositories in DEFAULT mode.
[2022-10-28 11:55:04:682][restartedMain] INFO  o.s.d.r.c.RepositoryConfigurationDelegate - Finished Spring Data repository scanning in 2 ms. Found 0 Redis repository interfaces.
[2022-10-28 11:55:04:811][restartedMain] INFO  o.s.d.r.c.RepositoryConfigurationDelegate - Multiple Spring Data modules found, entering strict repository configuration mode
[2022-10-28 11:55:04:812][restartedMain] INFO  o.s.d.r.c.RepositoryConfigurationDelegate - Bootstrapping Spring Data JPA repositories in DEFAULT mode.
[2022-10-28 11:55:04:848][restartedMain] INFO  o.s.d.r.c.RepositoryConfigurationDelegate - Finished Spring Data repository scanning in 33 ms. Found 8 JPA repository interfaces.
[2022-10-28 11:55:04:852][restartedMain] INFO  o.s.d.r.c.RepositoryConfigurationDelegate - Multiple Spring Data modules found, entering strict repository configuration mode
[2022-10-28 11:55:04:852][restartedMain] INFO  o.s.d.r.c.RepositoryConfigurationDelegate - Bootstrapping Spring Data Redis repositories in DEFAULT mode.
[2022-10-28 11:55:04:856][restartedMain] INFO  o.s.d.r.c.RepositoryConfigurationExtensionSupport - Spring Data Redis - Could not safely identify store assignment for repository candidate interface com.sweep.formduo.domain.auth.AuthorityRepository; If you want this repository to be a Redis repository, consider annotating your entities with one of these annotations: org.springframework.data.redis.core.RedisHash (preferred), or consider extending one of the following types with your repository: org.springframework.data.keyvalue.repository.KeyValueRepository
[2022-10-28 11:55:04:856][restartedMain] INFO  o.s.d.r.c.RepositoryConfigurationExtensionSupport - Spring Data Redis - Could not safely identify store assignment for repository candidate interface com.sweep.formduo.domain.members.MemberRepository; If you want this repository to be a Redis repository, consider annotating your entities with one of these annotations: org.springframework.data.redis.core.RedisHash (preferred), or consider extending one of the following types with your repository: org.springframework.data.keyvalue.repository.KeyValueRepository
[2022-10-28 11:55:04:857][restartedMain] INFO  o.s.d.r.c.RepositoryConfigurationExtensionSupport - Spring Data Redis - Could not safely identify store assignment for repository candidate interface com.sweep.formduo.domain.posts.PostsRepository; If you want this repository to be a Redis repository, consider annotating your entities with one of these annotations: org.springframework.data.redis.core.RedisHash (preferred), or consider extending one of the following types with your repository: org.springframework.data.keyvalue.repository.KeyValueRepository
[2022-10-28 11:55:04:857][restartedMain] INFO  o.s.d.r.c.RepositoryConfigurationExtensionSupport - Spring Data Redis - Could not safely identify store assignment for repository candidate interface com.sweep.formduo.domain.qbox.QboxRepository; If you want this repository to be a Redis repository, consider annotating your entities with one of these annotations: org.springframework.data.redis.core.RedisHash (preferred), or consider extending one of the following types with your repository: org.springframework.data.keyvalue.repository.KeyValueRepository
[2022-10-28 11:55:04:859][restartedMain] INFO  o.s.d.r.c.RepositoryConfigurationExtensionSupport - Spring Data Redis - Could not safely identify store assignment for repository candidate interface com.sweep.formduo.domain.survey_resps.SurveyRespsRepository; If you want this repository to be a Redis repository, consider annotating your entities with one of these annotations: org.springframework.data.redis.core.RedisHash (preferred), or consider extending one of the following types with your repository: org.springframework.data.keyvalue.repository.KeyValueRepository
[2022-10-28 11:55:04:859][restartedMain] INFO  o.s.d.r.c.RepositoryConfigurationExtensionSupport - Spring Data Redis - Could not safely identify store assignment for repository candidate interface com.sweep.formduo.domain.surveys.SurveysRepository; If you want this repository to be a Redis repository, consider annotating your entities with one of these annotations: org.springframework.data.redis.core.RedisHash (preferred), or consider extending one of the following types with your repository: org.springframework.data.keyvalue.repository.KeyValueRepository
[2022-10-28 11:55:04:859][restartedMain] INFO  o.s.d.r.c.RepositoryConfigurationExtensionSupport - Spring Data Redis - Could not safely identify store assignment for repository candidate interface com.sweep.formduo.domain.token.RefreshTokenRepository; If you want this repository to be a Redis repository, consider annotating your entities with one of these annotations: org.springframework.data.redis.core.RedisHash (preferred), or consider extending one of the following types with your repository: org.springframework.data.keyvalue.repository.KeyValueRepository
[2022-10-28 11:55:04:860][restartedMain] INFO  o.s.d.r.c.RepositoryConfigurationExtensionSupport - Spring Data Redis - Could not safely identify store assignment for repository candidate interface com.sweep.formduo.domain.users.UsersRepository; If you want this repository to be a Redis repository, consider annotating your entities with one of these annotations: org.springframework.data.redis.core.RedisHash (preferred), or consider extending one of the following types with your repository: org.springframework.data.keyvalue.repository.KeyValueRepository
[2022-10-28 11:55:04:860][restartedMain] INFO  o.s.d.r.c.RepositoryConfigurationDelegate - Finished Spring Data repository scanning in 7 ms. Found 0 Redis repository interfaces.
[2022-10-28 11:55:04:1031][restartedMain] INFO  o.s.c.s.PostProcessorRegistrationDelegate$BeanPostProcessorChecker - Bean 'io.sentry.spring.tracing.SentryAdviceConfiguration' of type [io.sentry.spring.tracing.SentryAdviceConfiguration] is not eligible for getting processed by all BeanPostProcessors (for example: not eligible for auto-proxying)
[2022-10-28 11:55:04:1034][restartedMain] INFO  o.s.c.s.PostProcessorRegistrationDelegate$BeanPostProcessorChecker - Bean 'io.sentry.spring.tracing.SentrySpanPointcutConfiguration' of type [io.sentry.spring.tracing.SentrySpanPointcutConfiguration] is not eligible for getting processed by all BeanPostProcessors (for example: not eligible for auto-proxying)
[2022-10-28 11:55:04:1035][restartedMain] INFO  o.s.c.s.PostProcessorRegistrationDelegate$BeanPostProcessorChecker - Bean 'sentrySpanPointcut' of type [org.springframework.aop.support.ComposablePointcut] is not eligible for getting processed by all BeanPostProcessors (for example: not eligible for auto-proxying)
[2022-10-28 11:55:04:1036][restartedMain] INFO  o.s.c.s.PostProcessorRegistrationDelegate$BeanPostProcessorChecker - Bean 'io.sentry.spring.boot.SentryAutoConfiguration$HubConfiguration' of type [io.sentry.spring.boot.SentryAutoConfiguration$HubConfiguration] is not eligible for getting processed by all BeanPostProcessors (for example: not eligible for auto-proxying)
[2022-10-28 11:55:04:1038][restartedMain] INFO  o.s.c.s.PostProcessorRegistrationDelegate$BeanPostProcessorChecker - Bean 'io.sentry.spring.boot.SentryAutoConfiguration$HubConfiguration$ContextTagsEventProcessorConfiguration' of type [io.sentry.spring.boot.SentryAutoConfiguration$HubConfiguration$ContextTagsEventProcessorConfiguration] is not eligible for getting processed by all BeanPostProcessors (for example: not eligible for auto-proxying)
[2022-10-28 11:55:04:1063][restartedMain] INFO  o.s.c.s.PostProcessorRegistrationDelegate$BeanPostProcessorChecker - Bean 'sentry-io.sentry.spring.boot.SentryProperties' of type [io.sentry.spring.boot.SentryProperties] is not eligible for getting processed by all BeanPostProcessors (for example: not eligible for auto-proxying)
[2022-10-28 11:55:04:1065][restartedMain] INFO  o.s.c.s.PostProcessorRegistrationDelegate$BeanPostProcessorChecker - Bean 'contextTagsEventProcessor' of type [io.sentry.spring.ContextTagsEventProcessor] is not eligible for getting processed by all BeanPostProcessors (for example: not eligible for auto-proxying)
[2022-10-28 11:55:04:1066][restartedMain] INFO  o.s.c.s.PostProcessorRegistrationDelegate$BeanPostProcessorChecker - Bean 'inAppPackagesResolver' of type [io.sentry.spring.boot.InAppIncludesResolver] is not eligible for getting processed by all BeanPostProcessors (for example: not eligible for auto-proxying)
[2022-10-28 11:55:04:1067][restartedMain] INFO  o.s.c.s.PostProcessorRegistrationDelegate$BeanPostProcessorChecker - Bean 'sentryOptionsConfiguration' of type [io.sentry.spring.boot.SentryAutoConfiguration$HubConfiguration$$Lambda$470/385897656] is not eligible for getting processed by all BeanPostProcessors (for example: not eligible for auto-proxying)
[2022-10-28 11:55:04:1072][restartedMain] INFO  o.s.c.s.PostProcessorRegistrationDelegate$BeanPostProcessorChecker - Bean 'formduoApplication' of type [com.sweep.formduo.FormduoApplication$$EnhancerBySpringCGLIB$$f31d3305] is not eligible for getting processed by all BeanPostProcessors (for example: not eligible for auto-proxying)
[2022-10-28 11:55:04:1081][restartedMain] INFO  o.s.c.s.PostProcessorRegistrationDelegate$BeanPostProcessorChecker - Bean 'sentryHub' of type [io.sentry.HubAdapter] is not eligible for getting processed by all BeanPostProcessors (for example: not eligible for auto-proxying)
[2022-10-28 11:55:04:1082][restartedMain] INFO  o.s.c.s.PostProcessorRegistrationDelegate$BeanPostProcessorChecker - Bean 'sentrySpanAdvice' of type [io.sentry.spring.tracing.SentrySpanAdvice] is not eligible for getting processed by all BeanPostProcessors (for example: not eligible for auto-proxying)
[2022-10-28 11:55:04:1083][restartedMain] INFO  o.s.c.s.PostProcessorRegistrationDelegate$BeanPostProcessorChecker - Bean 'sentrySpanAdvisor' of type [org.springframework.aop.support.DefaultPointcutAdvisor] is not eligible for getting processed by all BeanPostProcessors (for example: not eligible for auto-proxying)
[2022-10-28 11:55:04:1083][restartedMain] INFO  o.s.c.s.PostProcessorRegistrationDelegate$BeanPostProcessorChecker - Bean 'io.sentry.spring.tracing.SentryTransactionPointcutConfiguration' of type [io.sentry.spring.tracing.SentryTransactionPointcutConfiguration] is not eligible for getting processed by all BeanPostProcessors (for example: not eligible for auto-proxying)
[2022-10-28 11:55:04:1084][restartedMain] INFO  o.s.c.s.PostProcessorRegistrationDelegate$BeanPostProcessorChecker - Bean 'sentryTransactionPointcut' of type [org.springframework.aop.support.ComposablePointcut] is not eligible for getting processed by all BeanPostProcessors (for example: not eligible for auto-proxying)
[2022-10-28 11:55:04:1085][restartedMain] INFO  o.s.c.s.PostProcessorRegistrationDelegate$BeanPostProcessorChecker - Bean 'sentryTransactionAdvice' of type [io.sentry.spring.tracing.SentryTransactionAdvice] is not eligible for getting processed by all BeanPostProcessors (for example: not eligible for auto-proxying)
[2022-10-28 11:55:04:1085][restartedMain] INFO  o.s.c.s.PostProcessorRegistrationDelegate$BeanPostProcessorChecker - Bean 'sentryTransactionAdvisor' of type [org.springframework.aop.support.DefaultPointcutAdvisor] is not eligible for getting processed by all BeanPostProcessors (for example: not eligible for auto-proxying)
[2022-10-28 11:55:05:1299][restartedMain] INFO  o.s.b.w.e.tomcat.TomcatWebServer - Tomcat initialized with port(s): 8080 (https)
[2022-10-28 11:55:05:1304][restartedMain] INFO  o.a.coyote.http11.Http11NioProtocol - Initializing ProtocolHandler ["https-jsse-nio-8080"]
[2022-10-28 11:55:05:1305][restartedMain] INFO  o.a.catalina.core.StandardService - Starting service [Tomcat]
[2022-10-28 11:55:05:1305][restartedMain] INFO  o.a.catalina.core.StandardEngine - Starting Servlet engine: [Apache Tomcat/9.0.65]
[2022-10-28 11:55:05:1341][restartedMain] INFO  o.a.c.c.C.[Tomcat].[localhost].[/] - Initializing Spring embedded WebApplicationContext
[2022-10-28 11:55:05:1341][restartedMain] INFO  o.s.b.w.s.c.ServletWebServerApplicationContext - Root WebApplicationContext: initialization completed in 983 ms
[2022-10-28 11:55:05:1364][restartedMain] INFO  com.zaxxer.hikari.HikariDataSource - HikariPool-1 - Starting...
[2022-10-28 11:55:05:1544][restartedMain] INFO  com.zaxxer.hikari.HikariDataSource - HikariPool-1 - Start completed.
[2022-10-28 11:55:05:1550][restartedMain] INFO  o.s.b.a.h.H2ConsoleAutoConfiguration - H2 console available at '/h2-console'. Database available at 'jdbc:mysql://210.109.60.247:10006/sweep?zeroDateTimeBehavior=convertToNull&useUnicode=yes&characterEncoding=UTF-8&connectTimeout=2000&autoReconnect=true&serverTimezone=Asia/Seoul&useSSL=false'
[2022-10-28 11:55:05:1634][restartedMain] INFO  o.h.jpa.internal.util.LogHelper - HHH000204: Processing PersistenceUnitInfo [name: default]
[2022-10-28 11:55:05:1652][restartedMain] INFO  org.hibernate.Version - HHH000412: Hibernate ORM core version 5.6.11.Final
[2022-10-28 11:55:05:1703][restartedMain] INFO  o.h.annotations.common.Version - HCANN000001: Hibernate Commons Annotations {5.1.2.Final}
[2022-10-28 11:55:05:1741][restartedMain] INFO  org.hibernate.dialect.Dialect - HHH000400: Using dialect: org.hibernate.dialect.MySQL5InnoDBDialect
[2022-10-28 11:55:06:2444][restartedMain] INFO  o.h.e.t.j.p.i.JtaPlatformInitiator - HHH000490: Using JtaPlatform implementation: [org.hibernate.engine.transaction.jta.platform.internal.NoJtaPlatform]
[2022-10-28 11:55:06:2455][restartedMain] INFO  o.s.o.j.LocalContainerEntityManagerFactoryBean - Initialized JPA EntityManagerFactory for persistence unit 'default'
[2022-10-28 11:55:06:3235][restartedMain] INFO  o.s.b.a.w.s.WelcomePageHandlerMapping - Adding welcome page: class path resource [static/index.html]
[2022-10-28 11:55:07:3545][restartedMain] INFO  o.s.s.w.DefaultSecurityFilterChain - Will secure any request with [org.springframework.security.web.session.DisableEncodeUrlFilter@1f1eeaaf, org.springframework.security.web.context.request.async.WebAsyncManagerIntegrationFilter@420f34cc, org.springframework.security.web.context.SecurityContextPersistenceFilter@67170bb3, org.springframework.web.filter.CorsFilter@1f497fd2, com.sweep.formduo.jwt.JwtFilter@211a87fa, org.springframework.security.web.savedrequest.RequestCacheAwareFilter@49557986, org.springframework.security.web.servletapi.SecurityContextHolderAwareRequestFilter@1723358e, org.springframework.security.web.authentication.AnonymousAuthenticationFilter@49b95ae4, org.springframework.security.web.session.SessionManagementFilter@bc0e1b0, org.springframework.security.web.access.ExceptionTranslationFilter@42247308, org.springframework.security.web.access.intercept.FilterSecurityInterceptor@23b48ce1]
[2022-10-28 11:55:07:3551][restartedMain] INFO  o.s.s.w.DefaultSecurityFilterChain - Will not secure Ant [pattern='/api/v1/resp']
[2022-10-28 11:55:07:3551][restartedMain] INFO  o.s.s.w.DefaultSecurityFilterChain - Will not secure Ant [pattern='/api/v1/auth/**']
[2022-10-28 11:55:07:3552][restartedMain] INFO  o.s.s.w.DefaultSecurityFilterChain - Will not secure Ant [pattern='/swagger-ui/**']
[2022-10-28 11:55:07:3552][restartedMain] INFO  o.s.s.w.DefaultSecurityFilterChain - Will not secure Ant [pattern='/api-docs/**']
[2022-10-28 11:55:07:3741][restartedMain] INFO  o.s.b.d.a.OptionalLiveReloadServer - LiveReload server is running on port 35729
[2022-10-28 11:55:07:3759][restartedMain] INFO  o.a.coyote.http11.Http11NioProtocol - Starting ProtocolHandler ["https-jsse-nio-8080"]
[2022-10-28 11:55:07:3950][restartedMain] INFO  o.s.b.w.e.tomcat.TomcatWebServer - Tomcat started on port(s): 8080 (https) with context path ''
[2022-10-28 11:55:07:3957][restartedMain] INFO  c.sweep.formduo.FormduoApplication - Started FormduoApplication in 3.862 seconds (JVM running for 4.146)
[2022-10-28 11:55:37:33494][SpringApplicationShutdownHook] INFO  o.s.o.j.LocalContainerEntityManagerFactoryBean - Closing JPA EntityManagerFactory for persistence unit 'default'
[2022-10-28 11:55:37:33497][SpringApplicationShutdownHook] INFO  com.zaxxer.hikari.HikariDataSource - HikariPool-1 - Shutdown initiated...
[2022-10-28 11:55:37:33501][SpringApplicationShutdownHook] INFO  com.zaxxer.hikari.HikariDataSource - HikariPool-1 - Shutdown completed.
[2022-10-28 11:55:38:336][restartedMain] INFO  c.sweep.formduo.FormduoApplication - Starting FormduoApplication using Java 1.8.0_345 on bang-geunhoui-MacBookAir.local with PID 45877 (/Users/bang-geunho/IdeaProjects/jekin/backend/target/classes started by bang-geunho in /Users/bang-geunho/IdeaProjects/jekin/backend)
[2022-10-28 11:55:38:338][restartedMain] INFO  c.sweep.formduo.FormduoApplication - No active profile set, falling back to 1 default profile: "default"
[2022-10-28 11:55:38:364][restartedMain] INFO  o.s.b.d.e.DevToolsPropertyDefaultsPostProcessor - Devtools property defaults active! Set 'spring.devtools.add-properties' to 'false' to disable
[2022-10-28 11:55:38:364][restartedMain] INFO  o.s.b.d.e.DevToolsPropertyDefaultsPostProcessor - For additional web related logging consider setting the 'logging.level.web' property to 'DEBUG'
[2022-10-28 11:55:39:661][restartedMain] INFO  o.s.d.r.c.RepositoryConfigurationDelegate - Multiple Spring Data modules found, entering strict repository configuration mode
[2022-10-28 11:55:39:662][restartedMain] INFO  o.s.d.r.c.RepositoryConfigurationDelegate - Bootstrapping Spring Data Redis repositories in DEFAULT mode.
[2022-10-28 11:55:39:670][restartedMain] INFO  o.s.d.r.c.RepositoryConfigurationDelegate - Finished Spring Data repository scanning in 2 ms. Found 0 Redis repository interfaces.
[2022-10-28 11:55:39:795][restartedMain] INFO  o.s.d.r.c.RepositoryConfigurationDelegate - Multiple Spring Data modules found, entering strict repository configuration mode
[2022-10-28 11:55:39:796][restartedMain] INFO  o.s.d.r.c.RepositoryConfigurationDelegate - Bootstrapping Spring Data JPA repositories in DEFAULT mode.
[2022-10-28 11:55:39:830][restartedMain] INFO  o.s.d.r.c.RepositoryConfigurationDelegate - Finished Spring Data repository scanning in 32 ms. Found 8 JPA repository interfaces.
[2022-10-28 11:55:39:834][restartedMain] INFO  o.s.d.r.c.RepositoryConfigurationDelegate - Multiple Spring Data modules found, entering strict repository configuration mode
[2022-10-28 11:55:39:834][restartedMain] INFO  o.s.d.r.c.RepositoryConfigurationDelegate - Bootstrapping Spring Data Redis repositories in DEFAULT mode.
[2022-10-28 11:55:39:837][restartedMain] INFO  o.s.d.r.c.RepositoryConfigurationExtensionSupport - Spring Data Redis - Could not safely identify store assignment for repository candidate interface com.sweep.formduo.domain.auth.AuthorityRepository; If you want this repository to be a Redis repository, consider annotating your entities with one of these annotations: org.springframework.data.redis.core.RedisHash (preferred), or consider extending one of the following types with your repository: org.springframework.data.keyvalue.repository.KeyValueRepository
[2022-10-28 11:55:39:838][restartedMain] INFO  o.s.d.r.c.RepositoryConfigurationExtensionSupport - Spring Data Redis - Could not safely identify store assignment for repository candidate interface com.sweep.formduo.domain.members.MemberRepository; If you want this repository to be a Redis repository, consider annotating your entities with one of these annotations: org.springframework.data.redis.core.RedisHash (preferred), or consider extending one of the following types with your repository: org.springframework.data.keyvalue.repository.KeyValueRepository
[2022-10-28 11:55:39:838][restartedMain] INFO  o.s.d.r.c.RepositoryConfigurationExtensionSupport - Spring Data Redis - Could not safely identify store assignment for repository candidate interface com.sweep.formduo.domain.posts.PostsRepository; If you want this repository to be a Redis repository, consider annotating your entities with one of these annotations: org.springframework.data.redis.core.RedisHash (preferred), or consider extending one of the following types with your repository: org.springframework.data.keyvalue.repository.KeyValueRepository
[2022-10-28 11:55:39:839][restartedMain] INFO  o.s.d.r.c.RepositoryConfigurationExtensionSupport - Spring Data Redis - Could not safely identify store assignment for repository candidate interface com.sweep.formduo.domain.qbox.QboxRepository; If you want this repository to be a Redis repository, consider annotating your entities with one of these annotations: org.springframework.data.redis.core.RedisHash (preferred), or consider extending one of the following types with your repository: org.springframework.data.keyvalue.repository.KeyValueRepository
[2022-10-28 11:55:39:841][restartedMain] INFO  o.s.d.r.c.RepositoryConfigurationExtensionSupport - Spring Data Redis - Could not safely identify store assignment for repository candidate interface com.sweep.formduo.domain.survey_resps.SurveyRespsRepository; If you want this repository to be a Redis repository, consider annotating your entities with one of these annotations: org.springframework.data.redis.core.RedisHash (preferred), or consider extending one of the following types with your repository: org.springframework.data.keyvalue.repository.KeyValueRepository
[2022-10-28 11:55:39:841][restartedMain] INFO  o.s.d.r.c.RepositoryConfigurationExtensionSupport - Spring Data Redis - Could not safely identify store assignment for repository candidate interface com.sweep.formduo.domain.surveys.SurveysRepository; If you want this repository to be a Redis repository, consider annotating your entities with one of these annotations: org.springframework.data.redis.core.RedisHash (preferred), or consider extending one of the following types with your repository: org.springframework.data.keyvalue.repository.KeyValueRepository
[2022-10-28 11:55:39:841][restartedMain] INFO  o.s.d.r.c.RepositoryConfigurationExtensionSupport - Spring Data Redis - Could not safely identify store assignment for repository candidate interface com.sweep.formduo.domain.token.RefreshTokenRepository; If you want this repository to be a Redis repository, consider annotating your entities with one of these annotations: org.springframework.data.redis.core.RedisHash (preferred), or consider extending one of the following types with your repository: org.springframework.data.keyvalue.repository.KeyValueRepository
[2022-10-28 11:55:39:841][restartedMain] INFO  o.s.d.r.c.RepositoryConfigurationExtensionSupport - Spring Data Redis - Could not safely identify store assignment for repository candidate interface com.sweep.formduo.domain.users.UsersRepository; If you want this repository to be a Redis repository, consider annotating your entities with one of these annotations: org.springframework.data.redis.core.RedisHash (preferred), or consider extending one of the following types with your repository: org.springframework.data.keyvalue.repository.KeyValueRepository
[2022-10-28 11:55:39:842][restartedMain] INFO  o.s.d.r.c.RepositoryConfigurationDelegate - Finished Spring Data repository scanning in 7 ms. Found 0 Redis repository interfaces.
[2022-10-28 11:55:39:1007][restartedMain] INFO  o.s.c.s.PostProcessorRegistrationDelegate$BeanPostProcessorChecker - Bean 'io.sentry.spring.tracing.SentryAdviceConfiguration' of type [io.sentry.spring.tracing.SentryAdviceConfiguration] is not eligible for getting processed by all BeanPostProcessors (for example: not eligible for auto-proxying)
[2022-10-28 11:55:39:1009][restartedMain] INFO  o.s.c.s.PostProcessorRegistrationDelegate$BeanPostProcessorChecker - Bean 'io.sentry.spring.tracing.SentrySpanPointcutConfiguration' of type [io.sentry.spring.tracing.SentrySpanPointcutConfiguration] is not eligible for getting processed by all BeanPostProcessors (for example: not eligible for auto-proxying)
[2022-10-28 11:55:39:1011][restartedMain] INFO  o.s.c.s.PostProcessorRegistrationDelegate$BeanPostProcessorChecker - Bean 'sentrySpanPointcut' of type [org.springframework.aop.support.ComposablePointcut] is not eligible for getting processed by all BeanPostProcessors (for example: not eligible for auto-proxying)
[2022-10-28 11:55:39:1012][restartedMain] INFO  o.s.c.s.PostProcessorRegistrationDelegate$BeanPostProcessorChecker - Bean 'io.sentry.spring.boot.SentryAutoConfiguration$HubConfiguration' of type [io.sentry.spring.boot.SentryAutoConfiguration$HubConfiguration] is not eligible for getting processed by all BeanPostProcessors (for example: not eligible for auto-proxying)
[2022-10-28 11:55:39:1014][restartedMain] INFO  o.s.c.s.PostProcessorRegistrationDelegate$BeanPostProcessorChecker - Bean 'io.sentry.spring.boot.SentryAutoConfiguration$HubConfiguration$ContextTagsEventProcessorConfiguration' of type [io.sentry.spring.boot.SentryAutoConfiguration$HubConfiguration$ContextTagsEventProcessorConfiguration] is not eligible for getting processed by all BeanPostProcessors (for example: not eligible for auto-proxying)
[2022-10-28 11:55:39:1039][restartedMain] INFO  o.s.c.s.PostProcessorRegistrationDelegate$BeanPostProcessorChecker - Bean 'sentry-io.sentry.spring.boot.SentryProperties' of type [io.sentry.spring.boot.SentryProperties] is not eligible for getting processed by all BeanPostProcessors (for example: not eligible for auto-proxying)
[2022-10-28 11:55:39:1040][restartedMain] INFO  o.s.c.s.PostProcessorRegistrationDelegate$BeanPostProcessorChecker - Bean 'contextTagsEventProcessor' of type [io.sentry.spring.ContextTagsEventProcessor] is not eligible for getting processed by all BeanPostProcessors (for example: not eligible for auto-proxying)
[2022-10-28 11:55:39:1042][restartedMain] INFO  o.s.c.s.PostProcessorRegistrationDelegate$BeanPostProcessorChecker - Bean 'inAppPackagesResolver' of type [io.sentry.spring.boot.InAppIncludesResolver] is not eligible for getting processed by all BeanPostProcessors (for example: not eligible for auto-proxying)
[2022-10-28 11:55:39:1043][restartedMain] INFO  o.s.c.s.PostProcessorRegistrationDelegate$BeanPostProcessorChecker - Bean 'sentryOptionsConfiguration' of type [io.sentry.spring.boot.SentryAutoConfiguration$HubConfiguration$$Lambda$475/1841465417] is not eligible for getting processed by all BeanPostProcessors (for example: not eligible for auto-proxying)
[2022-10-28 11:55:39:1048][restartedMain] INFO  o.s.c.s.PostProcessorRegistrationDelegate$BeanPostProcessorChecker - Bean 'formduoApplication' of type [com.sweep.formduo.FormduoApplication$$EnhancerBySpringCGLIB$$e3d4b0a0] is not eligible for getting processed by all BeanPostProcessors (for example: not eligible for auto-proxying)
[2022-10-28 11:55:39:1057][restartedMain] INFO  o.s.c.s.PostProcessorRegistrationDelegate$BeanPostProcessorChecker - Bean 'sentryHub' of type [io.sentry.HubAdapter] is not eligible for getting processed by all BeanPostProcessors (for example: not eligible for auto-proxying)
[2022-10-28 11:55:39:1058][restartedMain] INFO  o.s.c.s.PostProcessorRegistrationDelegate$BeanPostProcessorChecker - Bean 'sentrySpanAdvice' of type [io.sentry.spring.tracing.SentrySpanAdvice] is not eligible for getting processed by all BeanPostProcessors (for example: not eligible for auto-proxying)
[2022-10-28 11:55:39:1059][restartedMain] INFO  o.s.c.s.PostProcessorRegistrationDelegate$BeanPostProcessorChecker - Bean 'sentrySpanAdvisor' of type [org.springframework.aop.support.DefaultPointcutAdvisor] is not eligible for getting processed by all BeanPostProcessors (for example: not eligible for auto-proxying)
[2022-10-28 11:55:39:1059][restartedMain] INFO  o.s.c.s.PostProcessorRegistrationDelegate$BeanPostProcessorChecker - Bean 'io.sentry.spring.tracing.SentryTransactionPointcutConfiguration' of type [io.sentry.spring.tracing.SentryTransactionPointcutConfiguration] is not eligible for getting processed by all BeanPostProcessors (for example: not eligible for auto-proxying)
[2022-10-28 11:55:39:1060][restartedMain] INFO  o.s.c.s.PostProcessorRegistrationDelegate$BeanPostProcessorChecker - Bean 'sentryTransactionPointcut' of type [org.springframework.aop.support.ComposablePointcut] is not eligible for getting processed by all BeanPostProcessors (for example: not eligible for auto-proxying)
[2022-10-28 11:55:39:1061][restartedMain] INFO  o.s.c.s.PostProcessorRegistrationDelegate$BeanPostProcessorChecker - Bean 'sentryTransactionAdvice' of type [io.sentry.spring.tracing.SentryTransactionAdvice] is not eligible for getting processed by all BeanPostProcessors (for example: not eligible for auto-proxying)
[2022-10-28 11:55:39:1061][restartedMain] INFO  o.s.c.s.PostProcessorRegistrationDelegate$BeanPostProcessorChecker - Bean 'sentryTransactionAdvisor' of type [org.springframework.aop.support.DefaultPointcutAdvisor] is not eligible for getting processed by all BeanPostProcessors (for example: not eligible for auto-proxying)
[2022-10-28 11:55:39:1274][restartedMain] INFO  o.s.b.w.e.tomcat.TomcatWebServer - Tomcat initialized with port(s): 8080 (https)
[2022-10-28 11:55:39:1279][restartedMain] INFO  o.a.coyote.http11.Http11NioProtocol - Initializing ProtocolHandler ["https-jsse-nio-8080"]
[2022-10-28 11:55:39:1279][restartedMain] INFO  o.a.catalina.core.StandardService - Starting service [Tomcat]
[2022-10-28 11:55:39:1279][restartedMain] INFO  o.a.catalina.core.StandardEngine - Starting Servlet engine: [Apache Tomcat/9.0.65]
[2022-10-28 11:55:39:1315][restartedMain] INFO  o.a.c.c.C.[Tomcat].[localhost].[/] - Initializing Spring embedded WebApplicationContext
[2022-10-28 11:55:39:1315][restartedMain] INFO  o.s.b.w.s.c.ServletWebServerApplicationContext - Root WebApplicationContext: initialization completed in 951 ms
[2022-10-28 11:55:39:1340][restartedMain] INFO  com.zaxxer.hikari.HikariDataSource - HikariPool-1 - Starting...
[2022-10-28 11:55:39:1544][restartedMain] INFO  com.zaxxer.hikari.HikariDataSource - HikariPool-1 - Start completed.
[2022-10-28 11:55:39:1549][restartedMain] INFO  o.s.b.a.h.H2ConsoleAutoConfiguration - H2 console available at '/h2-console'. Database available at 'jdbc:mysql://210.109.60.247:10006/sweep?zeroDateTimeBehavior=convertToNull&useUnicode=yes&characterEncoding=UTF-8&connectTimeout=2000&autoReconnect=true&serverTimezone=Asia/Seoul&useSSL=false'
[2022-10-28 11:55:40:1629][restartedMain] INFO  o.h.jpa.internal.util.LogHelper - HHH000204: Processing PersistenceUnitInfo [name: default]
[2022-10-28 11:55:40:1645][restartedMain] INFO  org.hibernate.Version - HHH000412: Hibernate ORM core version 5.6.11.Final
[2022-10-28 11:55:40:1694][restartedMain] INFO  o.h.annotations.common.Version - HCANN000001: Hibernate Commons Annotations {5.1.2.Final}
[2022-10-28 11:55:40:1728][restartedMain] INFO  org.hibernate.dialect.Dialect - HHH000400: Using dialect: org.hibernate.dialect.MySQL5InnoDBDialect
[2022-10-28 11:55:40:2383][restartedMain] INFO  o.h.e.t.j.p.i.JtaPlatformInitiator - HHH000490: Using JtaPlatform implementation: [org.hibernate.engine.transaction.jta.platform.internal.NoJtaPlatform]
[2022-10-28 11:55:40:2396][restartedMain] INFO  o.s.o.j.LocalContainerEntityManagerFactoryBean - Initialized JPA EntityManagerFactory for persistence unit 'default'
[2022-10-28 11:55:41:3150][restartedMain] INFO  o.s.b.a.w.s.WelcomePageHandlerMapping - Adding welcome page: class path resource [static/index.html]
[2022-10-28 11:55:41:3424][restartedMain] INFO  o.s.s.w.DefaultSecurityFilterChain - Will secure any request with [org.springframework.security.web.session.DisableEncodeUrlFilter@74568e2, org.springframework.security.web.context.request.async.WebAsyncManagerIntegrationFilter@26ee6557, org.springframework.security.web.context.SecurityContextPersistenceFilter@4d6f43f8, org.springframework.web.filter.CorsFilter@3b03188d, com.sweep.formduo.jwt.JwtFilter@13393c57, org.springframework.security.web.savedrequest.RequestCacheAwareFilter@2c763a8f, org.springframework.security.web.servletapi.SecurityContextHolderAwareRequestFilter@3272dfab, org.springframework.security.web.authentication.AnonymousAuthenticationFilter@3f9744aa, org.springframework.security.web.session.SessionManagementFilter@285ad131, org.springframework.security.web.access.ExceptionTranslationFilter@70c820a4, org.springframework.security.web.access.intercept.FilterSecurityInterceptor@bd33393]
[2022-10-28 11:55:41:3430][restartedMain] INFO  o.s.s.w.DefaultSecurityFilterChain - Will not secure Ant [pattern='/api/v1/resp']
[2022-10-28 11:55:41:3430][restartedMain] INFO  o.s.s.w.DefaultSecurityFilterChain - Will not secure Ant [pattern='/api/v1/auth/**']
[2022-10-28 11:55:41:3430][restartedMain] INFO  o.s.s.w.DefaultSecurityFilterChain - Will not secure Ant [pattern='/swagger-ui/**']
[2022-10-28 11:55:41:3431][restartedMain] INFO  o.s.s.w.DefaultSecurityFilterChain - Will not secure Ant [pattern='/api-docs/**']
[2022-10-28 11:55:42:3606][restartedMain] INFO  o.s.b.d.a.OptionalLiveReloadServer - LiveReload server is running on port 35729
[2022-10-28 11:55:42:3621][restartedMain] INFO  o.a.coyote.http11.Http11NioProtocol - Starting ProtocolHandler ["https-jsse-nio-8080"]
[2022-10-28 11:55:42:3812][restartedMain] INFO  o.s.b.w.e.tomcat.TomcatWebServer - Tomcat started on port(s): 8080 (https) with context path ''
[2022-10-28 11:55:42:3819][restartedMain] INFO  c.sweep.formduo.FormduoApplication - Started FormduoApplication in 3.71 seconds (JVM running for 4.017)
[2022-10-28 11:55:52:14227][SpringApplicationShutdownHook] INFO  o.s.o.j.LocalContainerEntityManagerFactoryBean - Closing JPA EntityManagerFactory for persistence unit 'default'
[2022-10-28 11:55:52:14230][SpringApplicationShutdownHook] INFO  com.zaxxer.hikari.HikariDataSource - HikariPool-1 - Shutdown initiated...
[2022-10-28 11:55:52:14232][SpringApplicationShutdownHook] INFO  com.zaxxer.hikari.HikariDataSource - HikariPool-1 - Shutdown completed.
